<?xml version="1.0" encoding="UTF-8"?>
<!-- Generated by org.testng.reporters.JUnitXMLReporter -->
<testsuite ignored="0" hostname="Masum" failures="0" tests="9" name="ParaBanking Test(failed)" time="6.028" errors="0" timestamp="2024-01-04T21:59:37 IST">
  <testcase classname="com.parabank.testCases.BaseClass" name="@BeforeClass setup" time="1.516">
    <failure type="org.openqa.selenium.SessionNotCreatedException" message="session not created: This version of ChromeDriver only supports Chrome version 118
Current browser version is 120.0.6099.130 with binary path C:\Users\masum\AppData\Local\Google\Chrome\Application\chrome.exe
Build info: version: &amp;apos;3.141.59&amp;apos;, revision: &amp;apos;e82be7d358&amp;apos;, time: &amp;apos;2018-11-14T08:17:03&amp;apos;
System info: host: &amp;apos;MASUM&amp;apos;, ip: &amp;apos;192.168.0.102&amp;apos;, os.name: &amp;apos;Windows 11&amp;apos;, os.arch: &amp;apos;amd64&amp;apos;, os.version: &amp;apos;10.0&amp;apos;, java.version: &amp;apos;17.0.7&amp;apos;
Driver info: driver.version: ChromeDriver
remote stacktrace: 	GetHandleVerifier [0x00007FF7C2E78EF2+54786]
	(No symbol) [0x00007FF7C2DE5612]
	(No symbol) [0x00007FF7C2C9A64B]
	(No symbol) [0x00007FF7C2CCDC22]
	(No symbol) [0x00007FF7C2CCD07C]
	(No symbol) [0x00007FF7C2CC7E03]
	(No symbol) [0x00007FF7C2CC53BE]
	(No symbol) [0x00007FF7C2D03FBB]
	(No symbol) [0x00007FF7C2D03A30]
	(No symbol) [0x00007FF7C2CFBC43]
	(No symbol) [0x00007FF7C2CD0941]
	(No symbol) [0x00007FF7C2CD1B84]
	GetHandleVerifier [0x00007FF7C31C7F52+3524194]
	GetHandleVerifier [0x00007FF7C321D800+3874576]
	GetHandleVerifier [0x00007FF7C3215D7F+3843215]
	GetHandleVerifier [0x00007FF7C2F15086+694166]
	(No symbol) [0x00007FF7C2DF0A88]
	(No symbol) [0x00007FF7C2DECA94]
	(No symbol) [0x00007FF7C2DECBC2]
	(No symbol) [0x00007FF7C2DDCC83]
	BaseThreadInitThunk [0x00007FFCD1F1257D+29]
	RtlUserThreadStart [0x00007FFCD292AA58+40]
">
      <![CDATA[org.openqa.selenium.SessionNotCreatedException: session not created: This version of ChromeDriver only supports Chrome version 118
Current browser version is 120.0.6099.130 with binary path C:\Users\masum\AppData\Local\Google\Chrome\Application\chrome.exe
Build info: version: '3.141.59', revision: 'e82be7d358', time: '2018-11-14T08:17:03'
System info: host: 'MASUM', ip: '192.168.0.102', os.name: 'Windows 11', os.arch: 'amd64', os.version: '10.0', java.version: '17.0.7'
Driver info: driver.version: ChromeDriver
remote stacktrace: GetHandleVerifier [0x00007FF7C2E78EF2+54786]
(No symbol) [0x00007FF7C2DE5612]
(No symbol) [0x00007FF7C2C9A64B]
(No symbol) [0x00007FF7C2CCDC22]
(No symbol) [0x00007FF7C2CCD07C]
(No symbol) [0x00007FF7C2CC7E03]
(No symbol) [0x00007FF7C2CC53BE]
(No symbol) [0x00007FF7C2D03FBB]
(No symbol) [0x00007FF7C2D03A30]
(No symbol) [0x00007FF7C2CFBC43]
(No symbol) [0x00007FF7C2CD0941]
(No symbol) [0x00007FF7C2CD1B84]
GetHandleVerifier [0x00007FF7C31C7F52+3524194]
GetHandleVerifier [0x00007FF7C321D800+3874576]
GetHandleVerifier [0x00007FF7C3215D7F+3843215]
GetHandleVerifier [0x00007FF7C2F15086+694166]
(No symbol) [0x00007FF7C2DF0A88]
(No symbol) [0x00007FF7C2DECA94]
(No symbol) [0x00007FF7C2DECBC2]
(No symbol) [0x00007FF7C2DDCC83]
BaseThreadInitThunk [0x00007FFCD1F1257D+29]
RtlUserThreadStart [0x00007FFCD292AA58+40]

at org.openqa.selenium.remote.W3CHandshakeResponse.lambda$errorHandler$0(W3CHandshakeResponse.java:62)
at org.openqa.selenium.remote.HandshakeResponse.lambda$getResponseFunction$0(HandshakeResponse.java:30)
at org.openqa.selenium.remote.ProtocolHandshake.lambda$createSession$0(ProtocolHandshake.java:126)
at java.base/java.util.stream.ReferencePipeline$3$1.accept(ReferencePipeline.java:197)
at java.base/java.util.Spliterators$ArraySpliterator.tryAdvance(Spliterators.java:1002)
at java.base/java.util.stream.ReferencePipeline.forEachWithCancel(ReferencePipeline.java:129)
at java.base/java.util.stream.AbstractPipeline.copyIntoWithCancel(AbstractPipeline.java:527)
at java.base/java.util.stream.AbstractPipeline.copyInto(AbstractPipeline.java:513)
at java.base/java.util.stream.AbstractPipeline.wrapAndCopyInto(AbstractPipeline.java:499)
at java.base/java.util.stream.FindOps$FindOp.evaluateSequential(FindOps.java:150)
at java.base/java.util.stream.AbstractPipeline.evaluate(AbstractPipeline.java:234)
at java.base/java.util.stream.ReferencePipeline.findFirst(ReferencePipeline.java:647)
at org.openqa.selenium.remote.ProtocolHandshake.createSession(ProtocolHandshake.java:128)
at org.openqa.selenium.remote.ProtocolHandshake.createSession(ProtocolHandshake.java:74)
at org.openqa.selenium.remote.HttpCommandExecutor.execute(HttpCommandExecutor.java:136)
at org.openqa.selenium.remote.service.DriverCommandExecutor.execute(DriverCommandExecutor.java:83)
at org.openqa.selenium.remote.RemoteWebDriver.execute(RemoteWebDriver.java:552)
at org.openqa.selenium.remote.RemoteWebDriver.startSession(RemoteWebDriver.java:213)
at org.openqa.selenium.remote.RemoteWebDriver.<init>(RemoteWebDriver.java:131)
at org.openqa.selenium.chrome.ChromeDriver.<init>(ChromeDriver.java:181)
at org.openqa.selenium.chrome.ChromeDriver.<init>(ChromeDriver.java:168)
at org.openqa.selenium.chrome.ChromeDriver.<init>(ChromeDriver.java:123)
at com.parabank.testCases.BaseClass.setup(BaseClass.java:47)
at java.base/java.util.ArrayList.forEach(ArrayList.java:1511)
... Removed 30 stack frames]]>
    </failure>
  </testcase> <!-- @BeforeClass setup -->
  <testcase classname="com.parabank.testCases.BaseClass" name="@AfterClass tearDown" time="0.0">
    <skipped/>
  </testcase> <!-- @AfterClass tearDown -->
  <testcase classname="com.parabank.testCases.BaseClass" name="@BeforeClass setup" time="1.065">
    <failure type="org.openqa.selenium.SessionNotCreatedException" message="session not created: This version of ChromeDriver only supports Chrome version 118
Current browser version is 120.0.6099.130 with binary path C:\Users\masum\AppData\Local\Google\Chrome\Application\chrome.exe
Build info: version: &amp;apos;3.141.59&amp;apos;, revision: &amp;apos;e82be7d358&amp;apos;, time: &amp;apos;2018-11-14T08:17:03&amp;apos;
System info: host: &amp;apos;MASUM&amp;apos;, ip: &amp;apos;192.168.0.102&amp;apos;, os.name: &amp;apos;Windows 11&amp;apos;, os.arch: &amp;apos;amd64&amp;apos;, os.version: &amp;apos;10.0&amp;apos;, java.version: &amp;apos;17.0.7&amp;apos;
Driver info: driver.version: ChromeDriver
remote stacktrace: 	GetHandleVerifier [0x00007FF7C2E78EF2+54786]
	(No symbol) [0x00007FF7C2DE5612]
	(No symbol) [0x00007FF7C2C9A64B]
	(No symbol) [0x00007FF7C2CCDC22]
	(No symbol) [0x00007FF7C2CCD07C]
	(No symbol) [0x00007FF7C2CC7E03]
	(No symbol) [0x00007FF7C2CC53BE]
	(No symbol) [0x00007FF7C2D03FBB]
	(No symbol) [0x00007FF7C2D03A30]
	(No symbol) [0x00007FF7C2CFBC43]
	(No symbol) [0x00007FF7C2CD0941]
	(No symbol) [0x00007FF7C2CD1B84]
	GetHandleVerifier [0x00007FF7C31C7F52+3524194]
	GetHandleVerifier [0x00007FF7C321D800+3874576]
	GetHandleVerifier [0x00007FF7C3215D7F+3843215]
	GetHandleVerifier [0x00007FF7C2F15086+694166]
	(No symbol) [0x00007FF7C2DF0A88]
	(No symbol) [0x00007FF7C2DECA94]
	(No symbol) [0x00007FF7C2DECBC2]
	(No symbol) [0x00007FF7C2DDCC83]
	BaseThreadInitThunk [0x00007FFCD1F1257D+29]
	RtlUserThreadStart [0x00007FFCD292AA58+40]
">
      <![CDATA[org.openqa.selenium.SessionNotCreatedException: session not created: This version of ChromeDriver only supports Chrome version 118
Current browser version is 120.0.6099.130 with binary path C:\Users\masum\AppData\Local\Google\Chrome\Application\chrome.exe
Build info: version: '3.141.59', revision: 'e82be7d358', time: '2018-11-14T08:17:03'
System info: host: 'MASUM', ip: '192.168.0.102', os.name: 'Windows 11', os.arch: 'amd64', os.version: '10.0', java.version: '17.0.7'
Driver info: driver.version: ChromeDriver
remote stacktrace: GetHandleVerifier [0x00007FF7C2E78EF2+54786]
(No symbol) [0x00007FF7C2DE5612]
(No symbol) [0x00007FF7C2C9A64B]
(No symbol) [0x00007FF7C2CCDC22]
(No symbol) [0x00007FF7C2CCD07C]
(No symbol) [0x00007FF7C2CC7E03]
(No symbol) [0x00007FF7C2CC53BE]
(No symbol) [0x00007FF7C2D03FBB]
(No symbol) [0x00007FF7C2D03A30]
(No symbol) [0x00007FF7C2CFBC43]
(No symbol) [0x00007FF7C2CD0941]
(No symbol) [0x00007FF7C2CD1B84]
GetHandleVerifier [0x00007FF7C31C7F52+3524194]
GetHandleVerifier [0x00007FF7C321D800+3874576]
GetHandleVerifier [0x00007FF7C3215D7F+3843215]
GetHandleVerifier [0x00007FF7C2F15086+694166]
(No symbol) [0x00007FF7C2DF0A88]
(No symbol) [0x00007FF7C2DECA94]
(No symbol) [0x00007FF7C2DECBC2]
(No symbol) [0x00007FF7C2DDCC83]
BaseThreadInitThunk [0x00007FFCD1F1257D+29]
RtlUserThreadStart [0x00007FFCD292AA58+40]

at org.openqa.selenium.remote.W3CHandshakeResponse.lambda$errorHandler$0(W3CHandshakeResponse.java:62)
at org.openqa.selenium.remote.HandshakeResponse.lambda$getResponseFunction$0(HandshakeResponse.java:30)
at org.openqa.selenium.remote.ProtocolHandshake.lambda$createSession$0(ProtocolHandshake.java:126)
at java.base/java.util.stream.ReferencePipeline$3$1.accept(ReferencePipeline.java:197)
at java.base/java.util.Spliterators$ArraySpliterator.tryAdvance(Spliterators.java:1002)
at java.base/java.util.stream.ReferencePipeline.forEachWithCancel(ReferencePipeline.java:129)
at java.base/java.util.stream.AbstractPipeline.copyIntoWithCancel(AbstractPipeline.java:527)
at java.base/java.util.stream.AbstractPipeline.copyInto(AbstractPipeline.java:513)
at java.base/java.util.stream.AbstractPipeline.wrapAndCopyInto(AbstractPipeline.java:499)
at java.base/java.util.stream.FindOps$FindOp.evaluateSequential(FindOps.java:150)
at java.base/java.util.stream.AbstractPipeline.evaluate(AbstractPipeline.java:234)
at java.base/java.util.stream.ReferencePipeline.findFirst(ReferencePipeline.java:647)
at org.openqa.selenium.remote.ProtocolHandshake.createSession(ProtocolHandshake.java:128)
at org.openqa.selenium.remote.ProtocolHandshake.createSession(ProtocolHandshake.java:74)
at org.openqa.selenium.remote.HttpCommandExecutor.execute(HttpCommandExecutor.java:136)
at org.openqa.selenium.remote.service.DriverCommandExecutor.execute(DriverCommandExecutor.java:83)
at org.openqa.selenium.remote.RemoteWebDriver.execute(RemoteWebDriver.java:552)
at org.openqa.selenium.remote.RemoteWebDriver.startSession(RemoteWebDriver.java:213)
at org.openqa.selenium.remote.RemoteWebDriver.<init>(RemoteWebDriver.java:131)
at org.openqa.selenium.chrome.ChromeDriver.<init>(ChromeDriver.java:181)
at org.openqa.selenium.chrome.ChromeDriver.<init>(ChromeDriver.java:168)
at org.openqa.selenium.chrome.ChromeDriver.<init>(ChromeDriver.java:123)
at com.parabank.testCases.BaseClass.setup(BaseClass.java:47)
at java.base/java.util.ArrayList.forEach(ArrayList.java:1511)
... Removed 30 stack frames]]>
    </failure>
  </testcase> <!-- @BeforeClass setup -->
  <testcase classname="com.parabank.testCases.BaseClass" name="@AfterClass tearDown" time="0.0">
    <skipped/>
  </testcase> <!-- @AfterClass tearDown -->
  <testcase classname="com.parabank.testCases.BaseClass" name="@BeforeClass setup" time="1.054">
    <failure type="org.openqa.selenium.SessionNotCreatedException" message="session not created: This version of ChromeDriver only supports Chrome version 118
Current browser version is 120.0.6099.130 with binary path C:\Users\masum\AppData\Local\Google\Chrome\Application\chrome.exe
Build info: version: &amp;apos;3.141.59&amp;apos;, revision: &amp;apos;e82be7d358&amp;apos;, time: &amp;apos;2018-11-14T08:17:03&amp;apos;
System info: host: &amp;apos;MASUM&amp;apos;, ip: &amp;apos;192.168.0.102&amp;apos;, os.name: &amp;apos;Windows 11&amp;apos;, os.arch: &amp;apos;amd64&amp;apos;, os.version: &amp;apos;10.0&amp;apos;, java.version: &amp;apos;17.0.7&amp;apos;
Driver info: driver.version: ChromeDriver
remote stacktrace: 	GetHandleVerifier [0x00007FF7C2E78EF2+54786]
	(No symbol) [0x00007FF7C2DE5612]
	(No symbol) [0x00007FF7C2C9A64B]
	(No symbol) [0x00007FF7C2CCDC22]
	(No symbol) [0x00007FF7C2CCD07C]
	(No symbol) [0x00007FF7C2CC7E03]
	(No symbol) [0x00007FF7C2CC53BE]
	(No symbol) [0x00007FF7C2D03FBB]
	(No symbol) [0x00007FF7C2D03A30]
	(No symbol) [0x00007FF7C2CFBC43]
	(No symbol) [0x00007FF7C2CD0941]
	(No symbol) [0x00007FF7C2CD1B84]
	GetHandleVerifier [0x00007FF7C31C7F52+3524194]
	GetHandleVerifier [0x00007FF7C321D800+3874576]
	GetHandleVerifier [0x00007FF7C3215D7F+3843215]
	GetHandleVerifier [0x00007FF7C2F15086+694166]
	(No symbol) [0x00007FF7C2DF0A88]
	(No symbol) [0x00007FF7C2DECA94]
	(No symbol) [0x00007FF7C2DECBC2]
	(No symbol) [0x00007FF7C2DDCC83]
	BaseThreadInitThunk [0x00007FFCD1F1257D+29]
	RtlUserThreadStart [0x00007FFCD292AA58+40]
">
      <![CDATA[org.openqa.selenium.SessionNotCreatedException: session not created: This version of ChromeDriver only supports Chrome version 118
Current browser version is 120.0.6099.130 with binary path C:\Users\masum\AppData\Local\Google\Chrome\Application\chrome.exe
Build info: version: '3.141.59', revision: 'e82be7d358', time: '2018-11-14T08:17:03'
System info: host: 'MASUM', ip: '192.168.0.102', os.name: 'Windows 11', os.arch: 'amd64', os.version: '10.0', java.version: '17.0.7'
Driver info: driver.version: ChromeDriver
remote stacktrace: GetHandleVerifier [0x00007FF7C2E78EF2+54786]
(No symbol) [0x00007FF7C2DE5612]
(No symbol) [0x00007FF7C2C9A64B]
(No symbol) [0x00007FF7C2CCDC22]
(No symbol) [0x00007FF7C2CCD07C]
(No symbol) [0x00007FF7C2CC7E03]
(No symbol) [0x00007FF7C2CC53BE]
(No symbol) [0x00007FF7C2D03FBB]
(No symbol) [0x00007FF7C2D03A30]
(No symbol) [0x00007FF7C2CFBC43]
(No symbol) [0x00007FF7C2CD0941]
(No symbol) [0x00007FF7C2CD1B84]
GetHandleVerifier [0x00007FF7C31C7F52+3524194]
GetHandleVerifier [0x00007FF7C321D800+3874576]
GetHandleVerifier [0x00007FF7C3215D7F+3843215]
GetHandleVerifier [0x00007FF7C2F15086+694166]
(No symbol) [0x00007FF7C2DF0A88]
(No symbol) [0x00007FF7C2DECA94]
(No symbol) [0x00007FF7C2DECBC2]
(No symbol) [0x00007FF7C2DDCC83]
BaseThreadInitThunk [0x00007FFCD1F1257D+29]
RtlUserThreadStart [0x00007FFCD292AA58+40]

at org.openqa.selenium.remote.W3CHandshakeResponse.lambda$errorHandler$0(W3CHandshakeResponse.java:62)
at org.openqa.selenium.remote.HandshakeResponse.lambda$getResponseFunction$0(HandshakeResponse.java:30)
at org.openqa.selenium.remote.ProtocolHandshake.lambda$createSession$0(ProtocolHandshake.java:126)
at java.base/java.util.stream.ReferencePipeline$3$1.accept(ReferencePipeline.java:197)
at java.base/java.util.Spliterators$ArraySpliterator.tryAdvance(Spliterators.java:1002)
at java.base/java.util.stream.ReferencePipeline.forEachWithCancel(ReferencePipeline.java:129)
at java.base/java.util.stream.AbstractPipeline.copyIntoWithCancel(AbstractPipeline.java:527)
at java.base/java.util.stream.AbstractPipeline.copyInto(AbstractPipeline.java:513)
at java.base/java.util.stream.AbstractPipeline.wrapAndCopyInto(AbstractPipeline.java:499)
at java.base/java.util.stream.FindOps$FindOp.evaluateSequential(FindOps.java:150)
at java.base/java.util.stream.AbstractPipeline.evaluate(AbstractPipeline.java:234)
at java.base/java.util.stream.ReferencePipeline.findFirst(ReferencePipeline.java:647)
at org.openqa.selenium.remote.ProtocolHandshake.createSession(ProtocolHandshake.java:128)
at org.openqa.selenium.remote.ProtocolHandshake.createSession(ProtocolHandshake.java:74)
at org.openqa.selenium.remote.HttpCommandExecutor.execute(HttpCommandExecutor.java:136)
at org.openqa.selenium.remote.service.DriverCommandExecutor.execute(DriverCommandExecutor.java:83)
at org.openqa.selenium.remote.RemoteWebDriver.execute(RemoteWebDriver.java:552)
at org.openqa.selenium.remote.RemoteWebDriver.startSession(RemoteWebDriver.java:213)
at org.openqa.selenium.remote.RemoteWebDriver.<init>(RemoteWebDriver.java:131)
at org.openqa.selenium.chrome.ChromeDriver.<init>(ChromeDriver.java:181)
at org.openqa.selenium.chrome.ChromeDriver.<init>(ChromeDriver.java:168)
at org.openqa.selenium.chrome.ChromeDriver.<init>(ChromeDriver.java:123)
at com.parabank.testCases.BaseClass.setup(BaseClass.java:47)
at java.base/java.util.ArrayList.forEach(ArrayList.java:1511)
... Removed 30 stack frames]]>
    </failure>
  </testcase> <!-- @BeforeClass setup -->
  <testcase classname="com.parabank.testCases.BaseClass" name="@AfterClass tearDown" time="0.0">
    <skipped/>
  </testcase> <!-- @AfterClass tearDown -->
  <testcase classname="com.parabank.testCases.BaseClass" name="@BeforeClass setup" time="0.936">
    <failure type="org.openqa.selenium.SessionNotCreatedException" message="session not created: This version of ChromeDriver only supports Chrome version 118
Current browser version is 120.0.6099.130 with binary path C:\Users\masum\AppData\Local\Google\Chrome\Application\chrome.exe
Build info: version: &amp;apos;3.141.59&amp;apos;, revision: &amp;apos;e82be7d358&amp;apos;, time: &amp;apos;2018-11-14T08:17:03&amp;apos;
System info: host: &amp;apos;MASUM&amp;apos;, ip: &amp;apos;192.168.0.102&amp;apos;, os.name: &amp;apos;Windows 11&amp;apos;, os.arch: &amp;apos;amd64&amp;apos;, os.version: &amp;apos;10.0&amp;apos;, java.version: &amp;apos;17.0.7&amp;apos;
Driver info: driver.version: ChromeDriver
remote stacktrace: 	GetHandleVerifier [0x00007FF7C2E78EF2+54786]
	(No symbol) [0x00007FF7C2DE5612]
	(No symbol) [0x00007FF7C2C9A64B]
	(No symbol) [0x00007FF7C2CCDC22]
	(No symbol) [0x00007FF7C2CCD07C]
	(No symbol) [0x00007FF7C2CC7E03]
	(No symbol) [0x00007FF7C2CC53BE]
	(No symbol) [0x00007FF7C2D03FBB]
	(No symbol) [0x00007FF7C2D03A30]
	(No symbol) [0x00007FF7C2CFBC43]
	(No symbol) [0x00007FF7C2CD0941]
	(No symbol) [0x00007FF7C2CD1B84]
	GetHandleVerifier [0x00007FF7C31C7F52+3524194]
	GetHandleVerifier [0x00007FF7C321D800+3874576]
	GetHandleVerifier [0x00007FF7C3215D7F+3843215]
	GetHandleVerifier [0x00007FF7C2F15086+694166]
	(No symbol) [0x00007FF7C2DF0A88]
	(No symbol) [0x00007FF7C2DECA94]
	(No symbol) [0x00007FF7C2DECBC2]
	(No symbol) [0x00007FF7C2DDCC83]
	BaseThreadInitThunk [0x00007FFCD1F1257D+29]
	RtlUserThreadStart [0x00007FFCD292AA58+40]
">
      <![CDATA[org.openqa.selenium.SessionNotCreatedException: session not created: This version of ChromeDriver only supports Chrome version 118
Current browser version is 120.0.6099.130 with binary path C:\Users\masum\AppData\Local\Google\Chrome\Application\chrome.exe
Build info: version: '3.141.59', revision: 'e82be7d358', time: '2018-11-14T08:17:03'
System info: host: 'MASUM', ip: '192.168.0.102', os.name: 'Windows 11', os.arch: 'amd64', os.version: '10.0', java.version: '17.0.7'
Driver info: driver.version: ChromeDriver
remote stacktrace: GetHandleVerifier [0x00007FF7C2E78EF2+54786]
(No symbol) [0x00007FF7C2DE5612]
(No symbol) [0x00007FF7C2C9A64B]
(No symbol) [0x00007FF7C2CCDC22]
(No symbol) [0x00007FF7C2CCD07C]
(No symbol) [0x00007FF7C2CC7E03]
(No symbol) [0x00007FF7C2CC53BE]
(No symbol) [0x00007FF7C2D03FBB]
(No symbol) [0x00007FF7C2D03A30]
(No symbol) [0x00007FF7C2CFBC43]
(No symbol) [0x00007FF7C2CD0941]
(No symbol) [0x00007FF7C2CD1B84]
GetHandleVerifier [0x00007FF7C31C7F52+3524194]
GetHandleVerifier [0x00007FF7C321D800+3874576]
GetHandleVerifier [0x00007FF7C3215D7F+3843215]
GetHandleVerifier [0x00007FF7C2F15086+694166]
(No symbol) [0x00007FF7C2DF0A88]
(No symbol) [0x00007FF7C2DECA94]
(No symbol) [0x00007FF7C2DECBC2]
(No symbol) [0x00007FF7C2DDCC83]
BaseThreadInitThunk [0x00007FFCD1F1257D+29]
RtlUserThreadStart [0x00007FFCD292AA58+40]

at org.openqa.selenium.remote.W3CHandshakeResponse.lambda$errorHandler$0(W3CHandshakeResponse.java:62)
at org.openqa.selenium.remote.HandshakeResponse.lambda$getResponseFunction$0(HandshakeResponse.java:30)
at org.openqa.selenium.remote.ProtocolHandshake.lambda$createSession$0(ProtocolHandshake.java:126)
at java.base/java.util.stream.ReferencePipeline$3$1.accept(ReferencePipeline.java:197)
at java.base/java.util.Spliterators$ArraySpliterator.tryAdvance(Spliterators.java:1002)
at java.base/java.util.stream.ReferencePipeline.forEachWithCancel(ReferencePipeline.java:129)
at java.base/java.util.stream.AbstractPipeline.copyIntoWithCancel(AbstractPipeline.java:527)
at java.base/java.util.stream.AbstractPipeline.copyInto(AbstractPipeline.java:513)
at java.base/java.util.stream.AbstractPipeline.wrapAndCopyInto(AbstractPipeline.java:499)
at java.base/java.util.stream.FindOps$FindOp.evaluateSequential(FindOps.java:150)
at java.base/java.util.stream.AbstractPipeline.evaluate(AbstractPipeline.java:234)
at java.base/java.util.stream.ReferencePipeline.findFirst(ReferencePipeline.java:647)
at org.openqa.selenium.remote.ProtocolHandshake.createSession(ProtocolHandshake.java:128)
at org.openqa.selenium.remote.ProtocolHandshake.createSession(ProtocolHandshake.java:74)
at org.openqa.selenium.remote.HttpCommandExecutor.execute(HttpCommandExecutor.java:136)
at org.openqa.selenium.remote.service.DriverCommandExecutor.execute(DriverCommandExecutor.java:83)
at org.openqa.selenium.remote.RemoteWebDriver.execute(RemoteWebDriver.java:552)
at org.openqa.selenium.remote.RemoteWebDriver.startSession(RemoteWebDriver.java:213)
at org.openqa.selenium.remote.RemoteWebDriver.<init>(RemoteWebDriver.java:131)
at org.openqa.selenium.chrome.ChromeDriver.<init>(ChromeDriver.java:181)
at org.openqa.selenium.chrome.ChromeDriver.<init>(ChromeDriver.java:168)
at org.openqa.selenium.chrome.ChromeDriver.<init>(ChromeDriver.java:123)
at com.parabank.testCases.BaseClass.setup(BaseClass.java:47)
at java.base/java.util.ArrayList.forEach(ArrayList.java:1511)
... Removed 30 stack frames]]>
    </failure>
  </testcase> <!-- @BeforeClass setup -->
  <testcase classname="com.parabank.testCases.BaseClass" name="@AfterClass tearDown" time="0.0">
    <skipped/>
  </testcase> <!-- @AfterClass tearDown -->
  <testcase classname="com.parabank.testCases.BaseClass" name="@BeforeClass setup" time="0.968">
    <failure type="org.openqa.selenium.SessionNotCreatedException" message="session not created: This version of ChromeDriver only supports Chrome version 118
Current browser version is 120.0.6099.130 with binary path C:\Users\masum\AppData\Local\Google\Chrome\Application\chrome.exe
Build info: version: &amp;apos;3.141.59&amp;apos;, revision: &amp;apos;e82be7d358&amp;apos;, time: &amp;apos;2018-11-14T08:17:03&amp;apos;
System info: host: &amp;apos;MASUM&amp;apos;, ip: &amp;apos;192.168.0.102&amp;apos;, os.name: &amp;apos;Windows 11&amp;apos;, os.arch: &amp;apos;amd64&amp;apos;, os.version: &amp;apos;10.0&amp;apos;, java.version: &amp;apos;17.0.7&amp;apos;
Driver info: driver.version: ChromeDriver
remote stacktrace: 	GetHandleVerifier [0x00007FF7C2E78EF2+54786]
	(No symbol) [0x00007FF7C2DE5612]
	(No symbol) [0x00007FF7C2C9A64B]
	(No symbol) [0x00007FF7C2CCDC22]
	(No symbol) [0x00007FF7C2CCD07C]
	(No symbol) [0x00007FF7C2CC7E03]
	(No symbol) [0x00007FF7C2CC53BE]
	(No symbol) [0x00007FF7C2D03FBB]
	(No symbol) [0x00007FF7C2D03A30]
	(No symbol) [0x00007FF7C2CFBC43]
	(No symbol) [0x00007FF7C2CD0941]
	(No symbol) [0x00007FF7C2CD1B84]
	GetHandleVerifier [0x00007FF7C31C7F52+3524194]
	GetHandleVerifier [0x00007FF7C321D800+3874576]
	GetHandleVerifier [0x00007FF7C3215D7F+3843215]
	GetHandleVerifier [0x00007FF7C2F15086+694166]
	(No symbol) [0x00007FF7C2DF0A88]
	(No symbol) [0x00007FF7C2DECA94]
	(No symbol) [0x00007FF7C2DECBC2]
	(No symbol) [0x00007FF7C2DDCC83]
	BaseThreadInitThunk [0x00007FFCD1F1257D+29]
	RtlUserThreadStart [0x00007FFCD292AA58+40]
">
      <![CDATA[org.openqa.selenium.SessionNotCreatedException: session not created: This version of ChromeDriver only supports Chrome version 118
Current browser version is 120.0.6099.130 with binary path C:\Users\masum\AppData\Local\Google\Chrome\Application\chrome.exe
Build info: version: '3.141.59', revision: 'e82be7d358', time: '2018-11-14T08:17:03'
System info: host: 'MASUM', ip: '192.168.0.102', os.name: 'Windows 11', os.arch: 'amd64', os.version: '10.0', java.version: '17.0.7'
Driver info: driver.version: ChromeDriver
remote stacktrace: GetHandleVerifier [0x00007FF7C2E78EF2+54786]
(No symbol) [0x00007FF7C2DE5612]
(No symbol) [0x00007FF7C2C9A64B]
(No symbol) [0x00007FF7C2CCDC22]
(No symbol) [0x00007FF7C2CCD07C]
(No symbol) [0x00007FF7C2CC7E03]
(No symbol) [0x00007FF7C2CC53BE]
(No symbol) [0x00007FF7C2D03FBB]
(No symbol) [0x00007FF7C2D03A30]
(No symbol) [0x00007FF7C2CFBC43]
(No symbol) [0x00007FF7C2CD0941]
(No symbol) [0x00007FF7C2CD1B84]
GetHandleVerifier [0x00007FF7C31C7F52+3524194]
GetHandleVerifier [0x00007FF7C321D800+3874576]
GetHandleVerifier [0x00007FF7C3215D7F+3843215]
GetHandleVerifier [0x00007FF7C2F15086+694166]
(No symbol) [0x00007FF7C2DF0A88]
(No symbol) [0x00007FF7C2DECA94]
(No symbol) [0x00007FF7C2DECBC2]
(No symbol) [0x00007FF7C2DDCC83]
BaseThreadInitThunk [0x00007FFCD1F1257D+29]
RtlUserThreadStart [0x00007FFCD292AA58+40]

at org.openqa.selenium.remote.W3CHandshakeResponse.lambda$errorHandler$0(W3CHandshakeResponse.java:62)
at org.openqa.selenium.remote.HandshakeResponse.lambda$getResponseFunction$0(HandshakeResponse.java:30)
at org.openqa.selenium.remote.ProtocolHandshake.lambda$createSession$0(ProtocolHandshake.java:126)
at java.base/java.util.stream.ReferencePipeline$3$1.accept(ReferencePipeline.java:197)
at java.base/java.util.Spliterators$ArraySpliterator.tryAdvance(Spliterators.java:1002)
at java.base/java.util.stream.ReferencePipeline.forEachWithCancel(ReferencePipeline.java:129)
at java.base/java.util.stream.AbstractPipeline.copyIntoWithCancel(AbstractPipeline.java:527)
at java.base/java.util.stream.AbstractPipeline.copyInto(AbstractPipeline.java:513)
at java.base/java.util.stream.AbstractPipeline.wrapAndCopyInto(AbstractPipeline.java:499)
at java.base/java.util.stream.FindOps$FindOp.evaluateSequential(FindOps.java:150)
at java.base/java.util.stream.AbstractPipeline.evaluate(AbstractPipeline.java:234)
at java.base/java.util.stream.ReferencePipeline.findFirst(ReferencePipeline.java:647)
at org.openqa.selenium.remote.ProtocolHandshake.createSession(ProtocolHandshake.java:128)
at org.openqa.selenium.remote.ProtocolHandshake.createSession(ProtocolHandshake.java:74)
at org.openqa.selenium.remote.HttpCommandExecutor.execute(HttpCommandExecutor.java:136)
at org.openqa.selenium.remote.service.DriverCommandExecutor.execute(DriverCommandExecutor.java:83)
at org.openqa.selenium.remote.RemoteWebDriver.execute(RemoteWebDriver.java:552)
at org.openqa.selenium.remote.RemoteWebDriver.startSession(RemoteWebDriver.java:213)
at org.openqa.selenium.remote.RemoteWebDriver.<init>(RemoteWebDriver.java:131)
at org.openqa.selenium.chrome.ChromeDriver.<init>(ChromeDriver.java:181)
at org.openqa.selenium.chrome.ChromeDriver.<init>(ChromeDriver.java:168)
at org.openqa.selenium.chrome.ChromeDriver.<init>(ChromeDriver.java:123)
at com.parabank.testCases.BaseClass.setup(BaseClass.java:47)
at java.base/java.util.ArrayList.forEach(ArrayList.java:1511)
... Removed 30 stack frames]]>
    </failure>
  </testcase> <!-- @BeforeClass setup -->
  <testcase classname="com.parabank.testCases.BaseClass" name="@AfterClass tearDown" time="0.0">
    <skipped/>
  </testcase> <!-- @AfterClass tearDown -->
  <testcase classname="com.parabank.testCases.PB_Register_TestCase" name="RegisterTest" time="0.0">
    <skipped/>
  </testcase> <!-- RegisterTest -->
  <testcase classname="com.parabank.testCases.PB_OpenNewAccount_TestCase" name="OpenNewAccountTest" time="0.0">
    <skipped/>
  </testcase> <!-- OpenNewAccountTest -->
  <testcase classname="com.parabank.testCases.PB_TransferFunds_TestCase" name="TransferFundsWithoutAmountTest" time="0.0">
    <skipped/>
  </testcase> <!-- TransferFundsWithoutAmountTest -->
  <testcase classname="com.parabank.testCases.PB_TransferFunds_TestCase" name="TransferFundsWithValidDetailsTest" time="0.0">
    <skipped/>
  </testcase> <!-- TransferFundsWithValidDetailsTest -->
  <testcase classname="com.parabank.testCases.PB_Bill_Pay_TestCase" name="BillPayWithValidDetailsTest" time="0.0">
    <skipped/>
  </testcase> <!-- BillPayWithValidDetailsTest -->
  <testcase classname="com.parabank.testCases.PB_Bill_Pay_TestCase" name="BillPayWithoutAmountTest" time="0.0">
    <skipped/>
  </testcase> <!-- BillPayWithoutAmountTest -->
  <testcase classname="com.parabank.testCases.PB_Login_TestCase" name="loginTest" time="0.0">
    <skipped/>
  </testcase> <!-- loginTest -->
  <testcase classname="com.parabank.testCases.PB_Login_TestCase" name="loginTestInvalidCredentials" time="0.0">
    <skipped/>
  </testcase> <!-- loginTestInvalidCredentials -->
  <testcase classname="com.parabank.testCases.PB_Login_TestCase" name="loginTestWithoutCredentials" time="0.0">
    <skipped/>
  </testcase> <!-- loginTestWithoutCredentials -->
</testsuite> <!-- ParaBanking Test(failed) -->
